[2026-04-10T16:12:59.838Z] INFO: Migration complete on shard 0
[2026-04-10T16:13:00.118Z] INFO: Migration complete on shard 1
[2026-04-10T16:13:00.356Z] INFO: Migration complete on shard 2
[2026-04-10T16:15:07.849Z] INFO: Migration complete on shard 0
[2026-04-10T16:15:07.942Z] INFO: Migration complete on shard 1
[2026-04-10T16:15:08.047Z] INFO: Migration complete on shard 2
[2026-04-10T17:43:31.506Z] INFO: Server running on port 3000
[2026-04-10T17:44:48.110Z] INFO: Server running on port 3000
[2026-04-10T17:48:01.820Z] INFO: Local storage copy complete: test-package.json
[2026-04-10T17:56:17.860Z] INFO: GCS upload started: orders-1775843777860.csv
[2026-04-10T17:56:18.999Z] ERROR: Upload-orders failed: {
  "error": {
    "code": 404,
    "message": "The specified bucket does not exist.",
    "errors": [
      {
        "message": "The specified bucket does not exist.",
        "domain": "global",
        "reason": "notFound"
      }
    ]
  }
}

[2026-04-10T18:00:33.124Z] INFO: GCS upload started: orders-1775844033124.csv
[2026-04-10T18:00:34.120Z] ERROR: Upload-orders failed: {
  "error": {
    "code": 404,
    "message": "The specified bucket does not exist.",
    "errors": [
      {
        "message": "The specified bucket does not exist.",
        "domain": "global",
        "reason": "notFound"
      }
    ]
  }
}

[2026-04-10T18:01:47.753Z] INFO: Server running on port 3000
[2026-04-10T18:01:55.520Z] INFO: Local storage copy complete: orders-1775844115515.csv
[2026-04-10T18:01:55.651Z] INFO: Parsed CSV: 10000 valid, 0 skipped
[2026-04-10T18:01:55.801Z] INFO: Shard 1: inserted 167 rows
[2026-04-10T18:01:55.807Z] INFO: Shard 2: inserted 167 rows
[2026-04-10T18:01:55.809Z] INFO: Shard 0: inserted 166 rows
[2026-04-10T18:01:55.828Z] INFO: Shard 0: inserted 161 rows
[2026-04-10T18:01:55.834Z] INFO: Shard 1: inserted 178 rows
[2026-04-10T18:01:55.836Z] INFO: Shard 2: inserted 161 rows
[2026-04-10T18:01:55.871Z] INFO: Shard 0: inserted 166 rows
[2026-04-10T18:01:55.874Z] INFO: Shard 2: inserted 171 rows
[2026-04-10T18:01:55.874Z] INFO: Shard 1: inserted 163 rows
[2026-04-10T18:01:55.889Z] INFO: Shard 0: inserted 163 rows
[2026-04-10T18:01:55.891Z] INFO: Shard 1: inserted 162 rows
[2026-04-10T18:01:55.893Z] INFO: Shard 2: inserted 175 rows
[2026-04-10T18:01:55.908Z] INFO: Shard 0: inserted 180 rows
[2026-04-10T18:01:55.909Z] INFO: Shard 1: inserted 148 rows
[2026-04-10T18:01:55.913Z] INFO: Shard 2: inserted 172 rows
[2026-04-10T18:01:55.929Z] INFO: Shard 0: inserted 156 rows
[2026-04-10T18:01:55.929Z] INFO: Shard 1: inserted 176 rows
[2026-04-10T18:01:55.932Z] INFO: Shard 2: inserted 168 rows
[2026-04-10T18:01:55.946Z] INFO: Shard 0: inserted 150 rows
[2026-04-10T18:01:55.948Z] INFO: Shard 1: inserted 168 rows
[2026-04-10T18:01:55.951Z] INFO: Shard 2: inserted 182 rows
[2026-04-10T18:01:55.964Z] INFO: Shard 0: inserted 153 rows
[2026-04-10T18:01:55.968Z] INFO: Shard 1: inserted 185 rows
[2026-04-10T18:01:55.969Z] INFO: Shard 2: inserted 162 rows
[2026-04-10T18:01:55.983Z] INFO: Shard 0: inserted 168 rows
[2026-04-10T18:01:55.984Z] INFO: Shard 1: inserted 168 rows
[2026-04-10T18:01:55.986Z] INFO: Shard 2: inserted 164 rows
[2026-04-10T18:01:55.999Z] INFO: Shard 0: inserted 161 rows
[2026-04-10T18:01:55.999Z] INFO: Shard 1: inserted 157 rows
[2026-04-10T18:01:56.003Z] INFO: Shard 2: inserted 182 rows
[2026-04-10T18:01:56.019Z] INFO: Shard 0: inserted 168 rows
[2026-04-10T18:01:56.020Z] INFO: Shard 1: inserted 167 rows
[2026-04-10T18:01:56.021Z] INFO: Shard 2: inserted 165 rows
[2026-04-10T18:01:56.036Z] INFO: Shard 1: inserted 156 rows
[2026-04-10T18:01:56.038Z] INFO: Shard 0: inserted 172 rows
[2026-04-10T18:01:56.041Z] INFO: Shard 2: inserted 172 rows
[2026-04-10T18:01:56.055Z] INFO: Shard 0: inserted 153 rows
[2026-04-10T18:01:56.056Z] INFO: Shard 1: inserted 174 rows
[2026-04-10T18:01:56.059Z] INFO: Shard 2: inserted 173 rows
[2026-04-10T18:01:56.073Z] INFO: Shard 0: inserted 181 rows
[2026-04-10T18:01:56.074Z] INFO: Shard 1: inserted 157 rows
[2026-04-10T18:01:56.076Z] INFO: Shard 2: inserted 162 rows
[2026-04-10T18:01:56.091Z] INFO: Shard 0: inserted 166 rows
[2026-04-10T18:01:56.095Z] INFO: Shard 1: inserted 159 rows
[2026-04-10T18:01:56.095Z] INFO: Shard 2: inserted 175 rows
[2026-04-10T18:01:56.109Z] INFO: Shard 0: inserted 156 rows
[2026-04-10T18:01:56.115Z] INFO: Shard 1: inserted 180 rows
[2026-04-10T18:01:56.116Z] INFO: Shard 2: inserted 164 rows
[2026-04-10T18:01:56.132Z] INFO: Shard 0: inserted 163 rows
[2026-04-10T18:01:56.133Z] INFO: Shard 1: inserted 167 rows
[2026-04-10T18:01:56.137Z] INFO: Shard 2: inserted 170 rows
[2026-04-10T18:01:56.152Z] INFO: Shard 0: inserted 158 rows
[2026-04-10T18:01:56.152Z] INFO: Shard 1: inserted 159 rows
[2026-04-10T18:01:56.156Z] INFO: Shard 2: inserted 183 rows
[2026-04-10T18:01:56.174Z] INFO: Shard 1: inserted 166 rows
[2026-04-10T18:01:56.175Z] INFO: Shard 2: inserted 166 rows
[2026-04-10T18:01:56.176Z] INFO: Shard 0: inserted 168 rows
[2026-04-10T18:01:56.191Z] INFO: Shard 0: inserted 161 rows
[2026-04-10T18:01:56.195Z] INFO: Shard 2: inserted 170 rows
[2026-04-10T18:01:56.195Z] INFO: Shard 1: inserted 169 rows
[2026-04-10T18:01:56.196Z] INFO: Processing complete: 10000 inserted, 0 skipped
[2026-04-10T19:09:35.649Z] INFO: Local storage copy complete: orders-1775848175638.csv
[2026-04-10T19:09:35.808Z] INFO: Parsed CSV: 10000 valid, 0 skipped
[2026-04-10T19:09:35.969Z] INFO: Shard 0: inserted 166 rows
[2026-04-10T19:09:35.975Z] INFO: Shard 1: inserted 167 rows
[2026-04-10T19:09:35.978Z] INFO: Shard 2: inserted 167 rows
[2026-04-10T19:09:35.996Z] INFO: Shard 0: inserted 161 rows
[2026-04-10T19:09:36.000Z] INFO: Shard 1: inserted 178 rows
[2026-04-10T19:09:36.001Z] INFO: Shard 2: inserted 161 rows
[2026-04-10T19:09:36.018Z] INFO: Shard 0: inserted 166 rows
[2026-04-10T19:09:36.020Z] INFO: Shard 1: inserted 163 rows
[2026-04-10T19:09:36.022Z] INFO: Shard 2: inserted 171 rows
[2026-04-10T19:09:36.039Z] INFO: Shard 0: inserted 163 rows
[2026-04-10T19:09:36.042Z] INFO: Shard 1: inserted 162 rows
[2026-04-10T19:09:36.042Z] INFO: Shard 2: inserted 175 rows
[2026-04-10T19:09:36.062Z] INFO: Shard 0: inserted 180 rows
[2026-04-10T19:09:36.063Z] INFO: Shard 1: inserted 148 rows
[2026-04-10T19:09:36.066Z] INFO: Shard 2: inserted 172 rows
[2026-04-10T19:09:36.080Z] INFO: Shard 0: inserted 156 rows
[2026-04-10T19:09:36.085Z] INFO: Shard 1: inserted 176 rows
[2026-04-10T19:09:36.087Z] INFO: Shard 2: inserted 168 rows
[2026-04-10T19:09:36.102Z] INFO: Shard 0: inserted 150 rows
[2026-04-10T19:09:36.107Z] INFO: Shard 1: inserted 168 rows
[2026-04-10T19:09:36.110Z] INFO: Shard 2: inserted 182 rows
[2026-04-10T19:09:36.128Z] INFO: Shard 0: inserted 153 rows
[2026-04-10T19:09:36.133Z] INFO: Shard 1: inserted 185 rows
[2026-04-10T19:09:36.134Z] INFO: Shard 2: inserted 162 rows
[2026-04-10T19:09:36.151Z] INFO: Shard 0: inserted 168 rows
[2026-04-10T19:09:36.152Z] INFO: Shard 1: inserted 168 rows
[2026-04-10T19:09:36.154Z] INFO: Shard 2: inserted 164 rows
[2026-04-10T19:09:36.168Z] INFO: Shard 0: inserted 161 rows
[2026-04-10T19:09:36.171Z] INFO: Shard 1: inserted 157 rows
[2026-04-10T19:09:36.175Z] INFO: Shard 2: inserted 182 rows
[2026-04-10T19:09:36.193Z] INFO: Shard 0: inserted 168 rows
[2026-04-10T19:09:36.196Z] INFO: Shard 1: inserted 167 rows
[2026-04-10T19:09:36.198Z] INFO: Shard 2: inserted 165 rows
[2026-04-10T19:09:36.220Z] INFO: Shard 1: inserted 156 rows
[2026-04-10T19:09:36.232Z] INFO: Shard 0: inserted 172 rows
[2026-04-10T19:09:36.235Z] INFO: Shard 2: inserted 172 rows
[2026-04-10T19:09:36.254Z] INFO: Shard 0: inserted 153 rows
[2026-04-10T19:09:36.258Z] INFO: Shard 1: inserted 174 rows
[2026-04-10T19:09:36.268Z] INFO: Shard 2: inserted 173 rows
[2026-04-10T19:09:36.287Z] INFO: Shard 2: inserted 162 rows
[2026-04-10T19:09:36.294Z] INFO: Shard 1: inserted 157 rows
[2026-04-10T19:09:36.295Z] INFO: Shard 0: inserted 181 rows
[2026-04-10T19:09:36.317Z] INFO: Shard 1: inserted 159 rows
[2026-04-10T19:09:36.318Z] INFO: Shard 0: inserted 166 rows
[2026-04-10T19:09:36.324Z] INFO: Shard 2: inserted 175 rows
[2026-04-10T19:09:36.341Z] INFO: Shard 0: inserted 156 rows
[2026-04-10T19:09:36.342Z] INFO: Shard 1: inserted 180 rows
[2026-04-10T19:09:36.346Z] INFO: Shard 2: inserted 164 rows
[2026-04-10T19:09:36.367Z] INFO: Shard 0: inserted 163 rows
[2026-04-10T19:09:36.370Z] INFO: Shard 1: inserted 167 rows
[2026-04-10T19:09:36.377Z] INFO: Shard 2: inserted 170 rows
[2026-04-10T19:09:36.394Z] INFO: Shard 0: inserted 158 rows
[2026-04-10T19:09:36.396Z] INFO: Shard 2: inserted 183 rows
[2026-04-10T19:09:36.397Z] INFO: Shard 1: inserted 159 rows
[2026-04-10T19:09:36.412Z] INFO: Shard 1: inserted 166 rows
[2026-04-10T19:09:36.414Z] INFO: Shard 0: inserted 168 rows
[2026-04-10T19:09:36.416Z] INFO: Shard 2: inserted 166 rows
[2026-04-10T19:09:36.433Z] INFO: Shard 0: inserted 161 rows
[2026-04-10T19:09:36.435Z] INFO: Shard 1: inserted 169 rows
[2026-04-10T19:09:36.436Z] INFO: Shard 2: inserted 170 rows
[2026-04-10T19:09:36.437Z] INFO: Processing complete: 10000 inserted, 0 skipped
